Arguments: 
  C:\Program Files\nodejs\node.exe C:\Users\Parashar\AppData\Roaming\npm\node_modules\yarn\bin\yarn.js install

PATH: 
  C:\Users\Parashar\bin;C:\Program Files\Git\mingw64\bin;C:\Program Files\Git\usr\local\bin;C:\Program Files\Git\usr\bin;C:\Program Files\Git\usr\bin;C:\Program Files\Git\mingw64\bin;C:\Program Files\Git\usr\bin;C:\Users\Parashar\bin;C:\Program Files (x86)\Common Files\Oracle\Java\javapath;C:\oraclexe\app\oracle\product\11.2.0\server\bin;C:\Program Files (x86)\Intel\iCLS Client;C:\ProgramData\Anaconda3;C:\ProgramData\Anaconda3\Library\mingw-w64\bin;C:\ProgramData\Anaconda3\Library\usr\bin;C:\ProgramData\Anaconda3\Library\bin;C:\ProgramData\Anaconda3\Scripts;C:\Program Files\Intel\iCLS Client;C:\WINDOWS\system32;C:\WINDOWS;C:\WINDOWS\System32\Wbem;C:\WINDOWS\System32\WindowsPowerShell\v1.0;C:\Program Files\nodejs;C:\Program Files\PuTTY;C:\WINDOWS\System32\OpenSSH;C:\Program Files\Intel\WiFi\bin;C:\Program Files\Common Files\Intel\WirelessCommon;C:\Program Files (x86)\Intel\Intel(R) Management Engine Components\DAL;C:\Program Files\Intel\Intel(R) Management Engine Components\DAL;C:\Program Files (x86)\Intel\Intel(R) Management Engine Components\IPT;C:\Program Files\Intel\Intel(R) Management Engine Components\IPT;C:\Program Files (x86)\Microsoft SQL Server\Client SDK\ODBC\130\Tools\Binn;C:\Program Files (x86)\Microsoft SQL Server\140\Tools\Binn;C:\Program Files (x86)\Microsoft SQL Server\140\DTS\Binn;C:\Program Files (x86)\Microsoft SQL Server\140\Tools\Binn\ManagementStudio;C:\Users\Parashar\AppData\Local\Microsoft\WindowsApps;C:\Program Files\Microsoft VS Code\bin;C:\Users\Parashar\AppData\Roaming\npm;C:\Program Files\R\R-3.5.0\bin;C:\Users\Parashar\AppData\Local\Programs\Microsoft VS Code\bin;C:\Program Files\Git\usr\bin\vendor_perl;C:\Program Files\Git\usr\bin\core_perl

Yarn version: 
  1.6.0

Node version: 
  8.11.1

Platform: 
  win32 x64

Trace: 
  SyntaxError: C:\Users\Parashar\Desktop\magiq-tests\demo\package.json: Unexpected token } in JSON at position 685
      at JSON.parse (<anonymous>)
      at C:\Users\Parashar\AppData\Roaming\npm\node_modules\yarn\lib\cli.js:1130:59
      at Generator.next (<anonymous>)
      at step (C:\Users\Parashar\AppData\Roaming\npm\node_modules\yarn\lib\cli.js:98:30)
      at C:\Users\Parashar\AppData\Roaming\npm\node_modules\yarn\lib\cli.js:109:13
      at <anonymous>

npm manifest: 
  {
      "name": "magiq-test-demo-server",
      "version": "1.0.0",
      "description": "Demo to implement magiq-test on visual",
      "scripts": {
        "test": "node Server/server.js run | tap-spec"
      },
      "main": ".eslintrc.js",
      "dependencies": {
        "jquery": "latest",
        "lodash": "latest",
        "tape": "^4.9.0",
        "express": "^4.16.3",
        "glob": "^7.1.2",
        "puppeteer": "^1.4.0",
        "tap-spec": "^4.1.1",
        "util": "^0.10.3",
        "magiq-tests": "latest"
      },
      "repository": {
        "type": "git",
        "url": "https://github.com/magiq-tests/magiq-tests/tree/master/demo"
      },
      "author": "Parashar Sangle - https://github.com/Aqua-4",
    }

yarn manifest: 
  No manifest

Lockfile: 
  No lockfile
